<?xml version="1.0" encoding="UTF-8"?>
<testng-results ignored="0" total="2" passed="2" failed="0" skipped="0">
  <reporter-output>
  </reporter-output>
  <suite started-at="2022-06-14T12:11:04 IST" name="Suite" finished-at="2022-06-14T12:11:26 IST" duration-ms="21161">
    <groups>
    </groups>
    <test started-at="2022-06-14T12:11:04 IST" name="Test" finished-at="2022-06-14T12:11:26 IST" duration-ms="21161">
      <class name="colourmoon.visnob.login">
        <test-method is-config="true" signature="open()[pri:0, instance:colourmoon.visnob.login@62fad19]" started-at="2022-06-14T12:11:10 IST" name="open" finished-at="2022-06-14T12:11:13 IST" duration-ms="3197" status="PASS">
          <reporter-output>
          </reporter-output>
        </test-method> <!-- open -->
        <test-method signature="signin()[pri:0, instance:colourmoon.visnob.login@62fad19]" started-at="2022-06-14T12:11:13 IST" name="signin" finished-at="2022-06-14T12:11:19 IST" duration-ms="6200" status="PASS">
          <reporter-output>
          </reporter-output>
        </test-method> <!-- signin -->
        <test-method is-config="true" signature="teardown()[pri:0, instance:colourmoon.visnob.login@62fad19]" started-at="2022-06-14T12:11:25 IST" name="teardown" finished-at="2022-06-14T12:11:26 IST" duration-ms="243" status="PASS">
          <reporter-output>
          </reporter-output>
        </test-method> <!-- teardown -->
      </class> <!-- colourmoon.visnob.login -->
      <class name="colourmoon.visnob.Navigateinstute">
        <test-method is-config="true" signature="open()[pri:0, instance:colourmoon.visnob.Navigateinstute@878452d]" started-at="2022-06-14T12:11:04 IST" name="open" finished-at="2022-06-14T12:11:10 IST" duration-ms="5454" status="PASS">
          <reporter-output>
          </reporter-output>
        </test-method> <!-- open -->
        <test-method signature="validatehomepage()[pri:0, instance:colourmoon.visnob.Navigateinstute@878452d]" started-at="2022-06-14T12:11:19 IST" name="validatehomepage" finished-at="2022-06-14T12:11:25 IST" duration-ms="5673" status="PASS">
          <reporter-output>
          </reporter-output>
        </test-method> <!-- validatehomepage -->
        <test-method is-config="true" signature="teardown()[pri:0, instance:colourmoon.visnob.Navigateinstute@878452d]" started-at="2022-06-14T12:11:25 IST" name="teardown" finished-at="2022-06-14T12:11:25 IST" duration-ms="300" status="PASS">
          <reporter-output>
          </reporter-output>
        </test-method> <!-- teardown -->
      </class> <!-- colourmoon.visnob.Navigateinstute -->
    </test> <!-- Test -->
  </suite> <!-- Suite -->
</testng-results>
