<?xml version="1.0" encoding="UTF-8"?>
<testng-results ignored="0" total="3" passed="2" failed="1" skipped="0">
  <reporter-output>
  </reporter-output>
  <suite started-at="2022-06-14T18:28:21 IST" name="Suite" finished-at="2022-06-14T18:28:34 IST" duration-ms="13163">
    <groups>
    </groups>
    <test started-at="2022-06-14T18:28:21 IST" name="login with invalid" finished-at="2022-06-14T18:28:31 IST" duration-ms="10645">
      <class name="colourmoon.visnob.Logininvalid">
        <test-method is-config="true" signature="open()[pri:0, instance:colourmoon.visnob.Logininvalid@24528a25]" started-at="2022-06-14T18:28:21 IST" name="open" finished-at="2022-06-14T18:28:27 IST" duration-ms="5807" status="PASS">
          <reporter-output>
          </reporter-output>
        </test-method> <!-- open -->
        <test-method signature="validatehomepage()[pri:0, instance:colourmoon.visnob.Logininvalid@24528a25]" started-at="2022-06-14T18:28:27 IST" name="validatehomepage" finished-at="2022-06-14T18:28:29 IST" duration-ms="2494" status="FAIL">
          <exception class="org.openqa.selenium.NoSuchElementException">
            <message>
              <![CDATA[no such element: Unable to locate element: {"method":"xpath","selector":"//span[normalize-space()='Institutions']"}
  (Session info: chrome=102.0.5005.63)
For documentation on this error, please visit: https://selenium.dev/exceptions/#no_such_element
Build info: version: '4.2.2', revision: '683ccb65d6'
System info: host: 'DESKTOP-F4S860D', ip: '192.168.29.142', os.name: 'Windows 10', os.arch: 'amd64', os.version: '10.0', java.version: '18.0.1'
Driver info: org.openqa.selenium.chrome.ChromeDriver
Command: [828fa60ca08b85b8b2d0eb8c3e4eacb9, findElement {using=xpath, value=//span[normalize-space()='Institutions']}]
Capabilities {acceptInsecureCerts: false, browserName: chrome, browserVersion: 102.0.5005.63, chrome: {chromedriverVersion: 102.0.5005.61 (0e59bcc00cc4..., userDataDir: C:\Users\DELL\AppData\Local...}, goog:chromeOptions: {debuggerAddress: localhost:50305}, networkConnectionEnabled: false, pageLoadStrategy: normal, platformName: WINDOWS, proxy: Proxy(), se:cdp: ws://localhost:50305/devtoo..., se:cdpVersion: 102.0.5005.63, setWindowRect: true, strictFileInteractability: false, timeouts: {implicit: 0, pageLoad: 300000, script: 30000}, unhandledPromptBehavior: dismiss and notify, webauthn:extension:credBlob: true, webauthn:extension:largeBlob: true, webauthn:virtualAuthenticators: true}
Session ID: 828fa60ca08b85b8b2d0eb8c3e4eacb9]]>
            </message>
            <full-stacktrace>
              <![CDATA[org.openqa.selenium.NoSuchElementException: no such element: Unable to locate element: {"method":"xpath","selector":"//span[normalize-space()='Institutions']"}
  (Session info: chrome=102.0.5005.63)
For documentation on this error, please visit: https://selenium.dev/exceptions/#no_such_element
Build info: version: '4.2.2', revision: '683ccb65d6'
System info: host: 'DESKTOP-F4S860D', ip: '192.168.29.142', os.name: 'Windows 10', os.arch: 'amd64', os.version: '10.0', java.version: '18.0.1'
Driver info: org.openqa.selenium.chrome.ChromeDriver
Command: [828fa60ca08b85b8b2d0eb8c3e4eacb9, findElement {using=xpath, value=//span[normalize-space()='Institutions']}]
Capabilities {acceptInsecureCerts: false, browserName: chrome, browserVersion: 102.0.5005.63, chrome: {chromedriverVersion: 102.0.5005.61 (0e59bcc00cc4..., userDataDir: C:\Users\DELL\AppData\Local...}, goog:chromeOptions: {debuggerAddress: localhost:50305}, networkConnectionEnabled: false, pageLoadStrategy: normal, platformName: WINDOWS, proxy: Proxy(), se:cdp: ws://localhost:50305/devtoo..., se:cdpVersion: 102.0.5005.63, setWindowRect: true, strictFileInteractability: false, timeouts: {implicit: 0, pageLoad: 300000, script: 30000}, unhandledPromptBehavior: dismiss and notify, webauthn:extension:credBlob: true, webauthn:extension:largeBlob: true, webauthn:virtualAuthenticators: true}
Session ID: 828fa60ca08b85b8b2d0eb8c3e4eacb9
at java.base/jdk.internal.reflect.DirectConstructorHandleAccessor.newInstance(DirectConstructorHandleAccessor.java:67)
at java.base/java.lang.reflect.Constructor.newInstanceWithCaller(Constructor.java:499)
at java.base/java.lang.reflect.Constructor.newInstance(Constructor.java:483)
at org.openqa.selenium.remote.codec.w3c.W3CHttpResponseCodec.createException(W3CHttpResponseCodec.java:200)
at org.openqa.selenium.remote.codec.w3c.W3CHttpResponseCodec.decode(W3CHttpResponseCodec.java:133)
at org.openqa.selenium.remote.codec.w3c.W3CHttpResponseCodec.decode(W3CHttpResponseCodec.java:53)
at org.openqa.selenium.remote.HttpCommandExecutor.execute(HttpCommandExecutor.java:184)
at org.openqa.selenium.remote.service.DriverCommandExecutor.invokeExecute(DriverCommandExecutor.java:167)
at org.openqa.selenium.remote.service.DriverCommandExecutor.execute(DriverCommandExecutor.java:142)
at org.openqa.selenium.remote.RemoteWebDriver.execute(RemoteWebDriver.java:588)
at org.openqa.selenium.remote.ElementLocation$ElementFinder$2.findElement(ElementLocation.java:162)
at org.openqa.selenium.remote.ElementLocation.findElement(ElementLocation.java:60)
at org.openqa.selenium.remote.RemoteWebDriver.findElement(RemoteWebDriver.java:406)
at org.openqa.selenium.remote.RemoteWebDriver.findElement(RemoteWebDriver.java:398)
at pageobjects.allobjects.institutions(allobjects.java:28)
at colourmoon.visnob.Logininvalid.validatehomepage(Logininvalid.java:41)
at java.base/jdk.internal.reflect.DirectMethodHandleAccessor.invoke(DirectMethodHandleAccessor.java:104)
at java.base/java.lang.reflect.Method.invoke(Method.java:577)
at org.testng.internal.MethodInvocationHelper.invokeMethod(MethodInvocationHelper.java:133)
at org.testng.internal.TestInvoker.invokeMethod(TestInvoker.java:598)
at org.testng.internal.TestInvoker.invokeTestMethod(TestInvoker.java:173)
at org.testng.internal.MethodRunner.runInSequence(MethodRunner.java:46)
at org.testng.internal.TestInvoker$MethodInvocationAgent.invoke(TestInvoker.java:824)
at org.testng.internal.TestInvoker.invokeTestMethods(TestInvoker.java:146)
at org.testng.internal.TestMethodWorker.invokeTestMethods(TestMethodWorker.java:146)
at org.testng.internal.TestMethodWorker.run(TestMethodWorker.java:128)
at java.base/java.util.ArrayList.forEach(ArrayList.java:1511)
at org.testng.TestRunner.privateRun(TestRunner.java:794)
at org.testng.TestRunner.run(TestRunner.java:596)
at org.testng.SuiteRunner.runTest(SuiteRunner.java:377)
at org.testng.SuiteRunner.access$000(SuiteRunner.java:28)
at org.testng.SuiteRunner$SuiteWorker.run(SuiteRunner.java:418)
at org.testng.internal.thread.ThreadUtil.lambda$execute$0(ThreadUtil.java:64)
at java.base/java.util.concurrent.FutureTask.run(FutureTask.java:264)
at java.base/java.util.concurrent.ThreadPoolExecutor.runWorker(ThreadPoolExecutor.java:1136)
at java.base/java.util.concurrent.ThreadPoolExecutor$Worker.run(ThreadPoolExecutor.java:635)
at java.base/java.lang.Thread.run(Thread.java:833)
]]>
            </full-stacktrace>
          </exception> <!-- org.openqa.selenium.NoSuchElementException -->
          <reporter-output>
          </reporter-output>
        </test-method> <!-- validatehomepage -->
        <test-method is-config="true" signature="teardown()[pri:0, instance:colourmoon.visnob.Logininvalid@24528a25]" started-at="2022-06-14T18:28:31 IST" name="teardown" finished-at="2022-06-14T18:28:31 IST" duration-ms="210" status="PASS">
          <reporter-output>
          </reporter-output>
        </test-method> <!-- teardown -->
      </class> <!-- colourmoon.visnob.Logininvalid -->
    </test> <!-- login with invalid -->
    <test started-at="2022-06-14T18:28:21 IST" name="login page" finished-at="2022-06-14T18:28:33 IST" duration-ms="12271">
      <class name="colourmoon.visnob.login">
        <test-method is-config="true" signature="open()[pri:0, instance:colourmoon.visnob.login@e041f0c]" started-at="2022-06-14T18:28:21 IST" name="open" finished-at="2022-06-14T18:28:27 IST" duration-ms="6420" status="PASS">
          <reporter-output>
          </reporter-output>
        </test-method> <!-- open -->
        <test-method signature="signin()[pri:0, instance:colourmoon.visnob.login@e041f0c]" started-at="2022-06-14T18:28:27 IST" name="signin" finished-at="2022-06-14T18:28:33 IST" duration-ms="5666" status="PASS">
          <reporter-output>
          </reporter-output>
        </test-method> <!-- signin -->
        <test-method is-config="true" signature="teardown()[pri:0, instance:colourmoon.visnob.login@e041f0c]" started-at="2022-06-14T18:28:33 IST" name="teardown" finished-at="2022-06-14T18:28:33 IST" duration-ms="170" status="PASS">
          <reporter-output>
          </reporter-output>
        </test-method> <!-- teardown -->
      </class> <!-- colourmoon.visnob.login -->
    </test> <!-- login page -->
    <test started-at="2022-06-14T18:28:21 IST" name="navigating the instute" finished-at="2022-06-14T18:28:34 IST" duration-ms="13163">
      <class name="colourmoon.visnob.Navigateinstute">
        <test-method is-config="true" signature="open()[pri:0, instance:colourmoon.visnob.Navigateinstute@d71adc2]" started-at="2022-06-14T18:28:21 IST" name="open" finished-at="2022-06-14T18:28:27 IST" duration-ms="5801" status="PASS">
          <reporter-output>
          </reporter-output>
        </test-method> <!-- open -->
        <test-method signature="validatehomepage()[pri:0, instance:colourmoon.visnob.Navigateinstute@d71adc2]" started-at="2022-06-14T18:28:27 IST" name="validatehomepage" finished-at="2022-06-14T18:28:34 IST" duration-ms="6866" status="PASS">
          <reporter-output>
          </reporter-output>
        </test-method> <!-- validatehomepage -->
        <test-method is-config="true" signature="teardown()[pri:0, instance:colourmoon.visnob.Navigateinstute@d71adc2]" started-at="2022-06-14T18:28:34 IST" name="teardown" finished-at="2022-06-14T18:28:34 IST" duration-ms="196" status="PASS">
          <reporter-output>
          </reporter-output>
        </test-method> <!-- teardown -->
      </class> <!-- colourmoon.visnob.Navigateinstute -->
    </test> <!-- navigating the instute -->
  </suite> <!-- Suite -->
</testng-results>
